Reading netlist file: "D:\DOC\hardware_project\led_hard\impl\gwsynthesis\led_hard.vg"
Parsing netlist file "D:\DOC\hardware_project\led_hard\impl\gwsynthesis\led_hard.vg" completed
Processing netlist completed
Reading constraint file: "D:\DOC\hardware_project\led_hard\src\top_sct.cst"
Physical Constraint parsed completed
Running placement......
[10%] Placement Phase 0 completed
[20%] Placement Phase 1 completed
[30%] Placement Phase 2 completed
[50%] Placement Phase 3 completed
Running routing......
[60%] Routing Phase 0 completed
[70%] Routing Phase 1 completed
[80%] Routing Phase 2 completed
[90%] Routing Phase 3 completed
Running timing analysis......
[95%] Timing analysis completed
Placement and routing completed
Bitstream generation in progress......
Bitstream generation completed
Running power analysis......
[100%] Power analysis completed
Generate file "D:\DOC\hardware_project\led_hard\impl\pnr\led_hard.power.html" completed
Generate file "D:\DOC\hardware_project\led_hard\impl\pnr\led_hard.pin.html" completed
Generate file "D:\DOC\hardware_project\led_hard\impl\pnr\led_hard.rpt.html" completed
Generate file "D:\DOC\hardware_project\led_hard\impl\pnr\led_hard.rpt.txt" completed
Generate file "D:\DOC\hardware_project\led_hard\impl\pnr\led_hard.tr.html" completed
Sun May 19 16:16:04 2024

