GowinSynthesis start
Running parser ...
Analyzing Verilog file 'D:\DOC\hardware_project\game\src\game_top_hdl.v'
Analyzing Verilog file 'D:\DOC\hardware_project\game\src\gowin_empu\gowin_empu.v'
Analyzing Verilog file 'D:\DOC\hardware_project\game\src\gowin_pllvr\gowin_pllvr.v'
Compiling module 'top_hdl'("D:\DOC\hardware_project\game\src\game_top_hdl.v":2)
WARN  (EX3791) : Expression size 10 truncated to fit in target size 9("D:\DOC\hardware_project\game\src\game_top_hdl.v":57)
Compiling module 'Gowin_PLLVR'("D:\DOC\hardware_project\game\src\gowin_pllvr\gowin_pllvr.v":9)
Compiling module '**'("D:\DOC\hardware_project\game\src\gowin_empu\gowin_empu.v":0)
Compiling module '**'("D:\DOC\hardware_project\game\src\gowin_empu\gowin_empu.v":0)
Compiling module '**'("D:\DOC\hardware_project\game\src\gowin_empu\gowin_empu.v":0)
Compiling module '**'("D:\DOC\hardware_project\game\src\gowin_empu\gowin_empu.v":0)
Compiling module '**'("D:\DOC\hardware_project\game\src\gowin_empu\gowin_empu.v":0)
Compiling module '**'("D:\DOC\hardware_project\game\src\gowin_empu\gowin_empu.v":0)
Compiling module '**'("D:\DOC\hardware_project\game\src\gowin_empu\gowin_empu.v":0)
Compiling module '**'("D:\DOC\hardware_project\game\src\gowin_empu\gowin_empu.v":0)
NOTE  (EX0101) : Current top module is "top_hdl"
[5%] Running netlist conversion ...
WARN  (CV0016) : Input key is unused("D:\DOC\hardware_project\game\src\game_top_hdl.v":6)
Running device independent optimization ...
[10%] Optimizing Phase 0 completed
[15%] Optimizing Phase 1 completed
[25%] Optimizing Phase 2 completed
Running inference ...
[30%] Inferring Phase 0 completed
[40%] Inferring Phase 1 completed
[50%] Inferring Phase 2 completed
[55%] Inferring Phase 3 completed
Running technical mapping ...
[60%] Tech-Mapping Phase 0 completed
[65%] Tech-Mapping Phase 1 completed
[75%] Tech-Mapping Phase 2 completed
[80%] Tech-Mapping Phase 3 completed
[90%] Tech-Mapping Phase 4 completed
[95%] Generate netlist file "D:\DOC\hardware_project\game\impl\gwsynthesis\game.vg" completed
[100%] Generate report file "D:\DOC\hardware_project\game\impl\gwsynthesis\game_syn.rpt.html" completed
GowinSynthesis finish
