Reading netlist file: "D:\DOC\nianmobai\Hit-Gophers-base-on-tangnano4k\hardware_project\game\impl\gwsynthesis\game.vg"
Parsing netlist file "D:\DOC\nianmobai\Hit-Gophers-base-on-tangnano4k\hardware_project\game\impl\gwsynthesis\game.vg" completed
Processing netlist completed
Reading constraint file: "D:\DOC\nianmobai\Hit-Gophers-base-on-tangnano4k\hardware_project\game\src\game.cst"
Physical Constraint parsed completed
Running placement......
[10%] Placement Phase 0 completed
[20%] Placement Phase 1 completed
[30%] Placement Phase 2 completed
[50%] Placement Phase 3 completed
Running routing......
[60%] Routing Phase 0 completed
[70%] Routing Phase 1 completed
[80%] Routing Phase 2 completed
WARN  (PR1014) : Generic routing resource will be used to clock signal 'gclk_d' by the specified constraint. And then it may lead to the excessive delay or skew
[90%] Routing Phase 3 completed
Running timing analysis......
[95%] Timing analysis completed
Placement and routing completed
Bitstream generation in progress......
Bitstream generation completed
Running power analysis......
[100%] Power analysis completed
Generate file "D:\DOC\nianmobai\Hit-Gophers-base-on-tangnano4k\hardware_project\game\impl\pnr\game.power.html" completed
Generate file "D:\DOC\nianmobai\Hit-Gophers-base-on-tangnano4k\hardware_project\game\impl\pnr\game.pin.html" completed
Generate file "D:\DOC\nianmobai\Hit-Gophers-base-on-tangnano4k\hardware_project\game\impl\pnr\game.rpt.html" completed
Generate file "D:\DOC\nianmobai\Hit-Gophers-base-on-tangnano4k\hardware_project\game\impl\pnr\game.rpt.txt" completed
Generate file "D:\DOC\nianmobai\Hit-Gophers-base-on-tangnano4k\hardware_project\game\impl\pnr\game.tr.html" completed
Fri Jun 07 18:42:00 2024

